<?xml version="1.0" encoding="UTF-8"?>
<!-- Generated by org.testng.reporters.JUnitXMLReporter -->
<testsuite ignored="0" hostname="VGVasilev-MacBook-Pro.local" failures="1" tests="4" name="UI Tests" time="23.823" errors="0" timestamp="2025-04-08T22:25:28 EEST">
  <testcase classname="tests.LoginTests" name="testSuccessfulLogin" time="2.336"/>
  <testcase classname="tests.PostTests" name="testCreatePost" time="12.304">
    <failure type="org.openqa.selenium.TimeoutException" message="Expected condition failed: waiting for visibility of element located by By.cssSelector: app-post (tried for 10 second(s) with 500 milliseconds interval)
Build info: version: &amp;apos;4.18.1&amp;apos;, revision: &amp;apos;b1d3319b48&amp;apos;
System info: os.name: &amp;apos;Mac OS X&amp;apos;, os.arch: &amp;apos;aarch64&amp;apos;, os.version: &amp;apos;14.4.1&amp;apos;, java.version: &amp;apos;24&amp;apos;
Driver info: org.openqa.selenium.chrome.ChromeDriver
Capabilities {acceptInsecureCerts: false, browserName: chrome, browserVersion: 135.0.7049.42, chrome: {chromedriverVersion: 135.0.7049.42 (0f351bbd2617..., userDataDir: /var/folders/fl/6l19ygfn5w3...}, fedcm:accounts: true, goog:chromeOptions: {debuggerAddress: localhost:54052}, networkConnectionEnabled: false, pageLoadStrategy: normal, platformName: mac, proxy: Proxy(), se:cdp: ws://localhost:54052/devtoo..., se:cdpVersion: 135.0.7049.42, setWindowRect: true, strictFileInteractability: false, timeouts: {implicit: 0, pageLoad: 300000, script: 30000}, unhandledPromptBehavior: dismiss and notify, webauthn:extension:credBlob: true, webauthn:extension:largeBlob: true, webauthn:extension:minPinLength: true, webauthn:extension:prf: true, webauthn:virtualAuthenticators: true}
Session ID: 0a4b4fa7bc477be765f15fe8694b1f73">
      <![CDATA[org.openqa.selenium.TimeoutException: Expected condition failed: waiting for visibility of element located by By.cssSelector: app-post (tried for 10 second(s) with 500 milliseconds interval)
Build info: version: '4.18.1', revision: 'b1d3319b48'
System info: os.name: 'Mac OS X', os.arch: 'aarch64', os.version: '14.4.1', java.version: '24'
Driver info: org.openqa.selenium.chrome.ChromeDriver
Capabilities {acceptInsecureCerts: false, browserName: chrome, browserVersion: 135.0.7049.42, chrome: {chromedriverVersion: 135.0.7049.42 (0f351bbd2617..., userDataDir: /var/folders/fl/6l19ygfn5w3...}, fedcm:accounts: true, goog:chromeOptions: {debuggerAddress: localhost:54052}, networkConnectionEnabled: false, pageLoadStrategy: normal, platformName: mac, proxy: Proxy(), se:cdp: ws://localhost:54052/devtoo..., se:cdpVersion: 135.0.7049.42, setWindowRect: true, strictFileInteractability: false, timeouts: {implicit: 0, pageLoad: 300000, script: 30000}, unhandledPromptBehavior: dismiss and notify, webauthn:extension:credBlob: true, webauthn:extension:largeBlob: true, webauthn:extension:minPinLength: true, webauthn:extension:prf: true, webauthn:virtualAuthenticators: true}
Session ID: 0a4b4fa7bc477be765f15fe8694b1f73
at org.openqa.selenium.support.ui.WebDriverWait.timeoutException(WebDriverWait.java:84)
at org.openqa.selenium.support.ui.FluentWait.until(FluentWait.java:228)
at tests.PostTests.testCreatePost(PostTests.java:38)
at java.base/java.util.ArrayList.forEach(ArrayList.java:1604)
... Removed 29 stack frames]]>
    </failure>
  </testcase> <!-- testCreatePost -->
  <testcase classname="tests.ProfileTests" name="testViewProfile" time="2.674"/>
  <testcase classname="tests.HomePageTests" name="testLoginLinkIsVisible" time="0.483"/>
</testsuite> <!-- UI Tests -->
